<?xml version="1.0" encoding="UTF-8"?>
<testng-results skipped="0" failed="0" total="1" passed="1">
  <reporter-output>
  </reporter-output>
  <suite name="testCall.CallTest" duration-ms="11801" started-at="2014-06-02T03:07:10Z" finished-at="2014-06-02T03:07:22Z">
    <groups>
    </groups>
    <test name="Command line test" duration-ms="11801" started-at="2014-06-02T03:07:10Z" finished-at="2014-06-02T03:07:22Z">
      <class name="testCall.CallTest">
        <test-method status="PASS" signature="readYml()[pri:0, instance:testCall.CallTest@72893453]" name="readYml" duration-ms="11790" started-at="2014-06-01T23:07:10Z" finished-at="2014-06-01T23:07:22Z">
          <reporter-output>
          </reporter-output>
        </test-method> <!-- readYml -->
      </class> <!-- testCall.CallTest -->
    </test> <!-- Command line test -->
  </suite> <!-- testCall.CallTest -->
</testng-results>
